<?xml version="1.0" encoding="UTF-8"?>
<testsuite xmlns:xsi="http://www.w3.org/2001/XMLSchema-instance" xsi:noNamespaceSchemaLocation="https://maven.apache.org/surefire/maven-surefire-plugin/xsd/surefire-test-report-3.0.xsd" version="3.0" name="med.voll.api.domain.medico.MedicoRepositoryTest" time="4.883" tests="2" errors="0" skipped="0" failures="0">
  <properties>
    <property name="java.specification.version" value="17"/>
    <property name="sun.jnu.encoding" value="UTF-8"/>
    <property name="java.class.path" value="/home/araju/Área de Trabalho/Projetos/Alura/SpringBoot_API/target/test-classes:/home/araju/Área de Trabalho/Projetos/Alura/SpringBoot_API/target/classes:/home/araju/.m2/repository/org/springframework/boot/spring-boot-starter-web/3.3.0-SNAPSHOT/spring-boot-starter-web-3.3.0-SNAPSHOT.jar:/home/araju/.m2/repository/org/springframework/boot/spring-boot-starter/3.3.0-SNAPSHOT/spring-boot-starter-3.3.0-SNAPSHOT.jar:/home/araju/.m2/repository/org/springframework/boot/spring-boot-starter-logging/3.3.0-SNAPSHOT/spring-boot-starter-logging-3.3.0-SNAPSHOT.jar:/home/araju/.m2/repository/ch/qos/logback/logback-classic/1.4.14/logback-classic-1.4.14.jar:/home/araju/.m2/repository/ch/qos/logback/logback-core/1.4.14/logback-core-1.4.14.jar:/home/araju/.m2/repository/org/apache/logging/log4j/log4j-to-slf4j/2.22.1/log4j-to-slf4j-2.22.1.jar:/home/araju/.m2/repository/org/apache/logging/log4j/log4j-api/2.22.1/log4j-api-2.22.1.jar:/home/araju/.m2/repository/org/slf4j/jul-to-slf4j/2.0.11/jul-to-slf4j-2.0.11.jar:/home/araju/.m2/repository/jakarta/annotation/jakarta.annotation-api/2.1.1/jakarta.annotation-api-2.1.1.jar:/home/araju/.m2/repository/org/yaml/snakeyaml/2.2/snakeyaml-2.2.jar:/home/araju/.m2/repository/org/springframework/boot/spring-boot-starter-json/3.3.0-SNAPSHOT/spring-boot-starter-json-3.3.0-SNAPSHOT.jar:/home/araju/.m2/repository/com/fasterxml/jackson/datatype/jackson-datatype-jdk8/2.16.1/jackson-datatype-jdk8-2.16.1.jar:/home/araju/.m2/repository/com/fasterxml/jackson/datatype/jackson-datatype-jsr310/2.16.1/jackson-datatype-jsr310-2.16.1.jar:/home/araju/.m2/repository/com/fasterxml/jackson/module/jackson-module-parameter-names/2.16.1/jackson-module-parameter-names-2.16.1.jar:/home/araju/.m2/repository/org/springframework/boot/spring-boot-starter-tomcat/3.3.0-SNAPSHOT/spring-boot-starter-tomcat-3.3.0-SNAPSHOT.jar:/home/araju/.m2/repository/org/apache/tomcat/embed/tomcat-embed-core/10.1.18/tomcat-embed-core-10.1.18.jar:/home/araju/.m2/repository/org/apache/tomcat/embed/tomcat-embed-websocket/10.1.18/tomcat-embed-websocket-10.1.18.jar:/home/araju/.m2/repository/org/springframework/spring-web/6.1.3/spring-web-6.1.3.jar:/home/araju/.m2/repository/org/springframework/spring-beans/6.1.3/spring-beans-6.1.3.jar:/home/araju/.m2/repository/io/micrometer/micrometer-observation/1.12.2/micrometer-observation-1.12.2.jar:/home/araju/.m2/repository/io/micrometer/micrometer-commons/1.12.2/micrometer-commons-1.12.2.jar:/home/araju/.m2/repository/org/springframework/spring-webmvc/6.1.3/spring-webmvc-6.1.3.jar:/home/araju/.m2/repository/org/springframework/spring-context/6.1.3/spring-context-6.1.3.jar:/home/araju/.m2/repository/org/springframework/spring-expression/6.1.3/spring-expression-6.1.3.jar:/home/araju/.m2/repository/org/springframework/boot/spring-boot-devtools/3.3.0-SNAPSHOT/spring-boot-devtools-3.3.0-SNAPSHOT.jar:/home/araju/.m2/repository/org/springframework/boot/spring-boot/3.3.0-SNAPSHOT/spring-boot-3.3.0-SNAPSHOT.jar:/home/araju/.m2/repository/org/springframework/boot/spring-boot-autoconfigure/3.3.0-SNAPSHOT/spring-boot-autoconfigure-3.3.0-SNAPSHOT.jar:/home/araju/.m2/repository/org/projectlombok/lombok/1.18.30/lombok-1.18.30.jar:/home/araju/.m2/repository/org/springframework/boot/spring-boot-starter-data-jpa/3.3.0-SNAPSHOT/spring-boot-starter-data-jpa-3.3.0-SNAPSHOT.jar:/home/araju/.m2/repository/org/springframework/boot/spring-boot-starter-aop/3.3.0-SNAPSHOT/spring-boot-starter-aop-3.3.0-SNAPSHOT.jar:/home/araju/.m2/repository/org/aspectj/aspectjweaver/1.9.21/aspectjweaver-1.9.21.jar:/home/araju/.m2/repository/org/springframework/boot/spring-boot-starter-jdbc/3.3.0-SNAPSHOT/spring-boot-starter-jdbc-3.3.0-SNAPSHOT.jar:/home/araju/.m2/repository/com/zaxxer/HikariCP/5.1.0/HikariCP-5.1.0.jar:/home/araju/.m2/repository/org/springframework/spring-jdbc/6.1.3/spring-jdbc-6.1.3.jar:/home/araju/.m2/repository/org/hibernate/orm/hibernate-core/6.4.1.Final/hibernate-core-6.4.1.Final.jar:/home/araju/.m2/repository/jakarta/persistence/jakarta.persistence-api/3.1.0/jakarta.persistence-api-3.1.0.jar:/home/araju/.m2/repository/jakarta/transaction/jakarta.transaction-api/2.0.1/jakarta.transaction-api-2.0.1.jar:/home/araju/.m2/repository/org/jboss/logging/jboss-logging/3.5.3.Final/jboss-logging-3.5.3.Final.jar:/home/araju/.m2/repository/org/hibernate/common/hibernate-commons-annotations/6.0.6.Final/hibernate-commons-annotations-6.0.6.Final.jar:/home/araju/.m2/repository/io/smallrye/jandex/3.1.2/jandex-3.1.2.jar:/home/araju/.m2/repository/com/fasterxml/classmate/1.7.0/classmate-1.7.0.jar:/home/araju/.m2/repository/net/bytebuddy/byte-buddy/1.14.11/byte-buddy-1.14.11.jar:/home/araju/.m2/repository/org/glassfish/jaxb/jaxb-runtime/4.0.4/jaxb-runtime-4.0.4.jar:/home/araju/.m2/repository/org/glassfish/jaxb/jaxb-core/4.0.4/jaxb-core-4.0.4.jar:/home/araju/.m2/repository/org/eclipse/angus/angus-activation/2.0.1/angus-activation-2.0.1.jar:/home/araju/.m2/repository/org/glassfish/jaxb/txw2/4.0.4/txw2-4.0.4.jar:/home/araju/.m2/repository/com/sun/istack/istack-commons-runtime/4.1.2/istack-commons-runtime-4.1.2.jar:/home/araju/.m2/repository/jakarta/inject/jakarta.inject-api/2.0.1/jakarta.inject-api-2.0.1.jar:/home/araju/.m2/repository/org/antlr/antlr4-runtime/4.13.0/antlr4-runtime-4.13.0.jar:/home/araju/.m2/repository/org/springframework/data/spring-data-jpa/3.2.2/spring-data-jpa-3.2.2.jar:/home/araju/.m2/repository/org/springframework/data/spring-data-commons/3.2.2/spring-data-commons-3.2.2.jar:/home/araju/.m2/repository/org/springframework/spring-orm/6.1.3/spring-orm-6.1.3.jar:/home/araju/.m2/repository/org/springframework/spring-tx/6.1.3/spring-tx-6.1.3.jar:/home/araju/.m2/repository/org/slf4j/slf4j-api/2.0.11/slf4j-api-2.0.11.jar:/home/araju/.m2/repository/org/springframework/spring-aspects/6.1.3/spring-aspects-6.1.3.jar:/home/araju/.m2/repository/org/springframework/boot/spring-boot-starter-validation/3.3.0-SNAPSHOT/spring-boot-starter-validation-3.3.0-SNAPSHOT.jar:/home/araju/.m2/repository/org/apache/tomcat/embed/tomcat-embed-el/10.1.18/tomcat-embed-el-10.1.18.jar:/home/araju/.m2/repository/org/hibernate/validator/hibernate-validator/8.0.1.Final/hibernate-validator-8.0.1.Final.jar:/home/araju/.m2/repository/jakarta/validation/jakarta.validation-api/3.0.2/jakarta.validation-api-3.0.2.jar:/home/araju/.m2/repository/org/flywaydb/flyway-core/9.22.3/flyway-core-9.22.3.jar:/home/araju/.m2/repository/com/fasterxml/jackson/dataformat/jackson-dataformat-toml/2.16.1/jackson-dataformat-toml-2.16.1.jar:/home/araju/.m2/repository/com/fasterxml/jackson/core/jackson-core/2.16.1/jackson-core-2.16.1.jar:/home/araju/.m2/repository/com/google/code/gson/gson/2.10.1/gson-2.10.1.jar:/home/araju/.m2/repository/org/flywaydb/flyway-mysql/9.22.3/flyway-mysql-9.22.3.jar:/home/araju/.m2/repository/com/mysql/mysql-connector-j/8.3.0/mysql-connector-j-8.3.0.jar:/home/araju/.m2/repository/org/springframework/boot/spring-boot-starter-security/3.3.0-SNAPSHOT/spring-boot-starter-security-3.3.0-SNAPSHOT.jar:/home/araju/.m2/repository/org/springframework/spring-aop/6.1.3/spring-aop-6.1.3.jar:/home/araju/.m2/repository/org/springframework/security/spring-security-config/6.3.0-M1/spring-security-config-6.3.0-M1.jar:/home/araju/.m2/repository/org/springframework/security/spring-security-web/6.3.0-M1/spring-security-web-6.3.0-M1.jar:/home/araju/.m2/repository/com/auth0/java-jwt/4.2.1/java-jwt-4.2.1.jar:/home/araju/.m2/repository/com/fasterxml/jackson/core/jackson-databind/2.16.1/jackson-databind-2.16.1.jar:/home/araju/.m2/repository/com/fasterxml/jackson/core/jackson-annotations/2.16.1/jackson-annotations-2.16.1.jar:/home/araju/.m2/repository/org/springdoc/springdoc-openapi-starter-webmvc-ui/2.3.0/springdoc-openapi-starter-webmvc-ui-2.3.0.jar:/home/araju/.m2/repository/org/springdoc/springdoc-openapi-starter-webmvc-api/2.3.0/springdoc-openapi-starter-webmvc-api-2.3.0.jar:/home/araju/.m2/repository/org/springdoc/springdoc-openapi-starter-common/2.3.0/springdoc-openapi-starter-common-2.3.0.jar:/home/araju/.m2/repository/io/swagger/core/v3/swagger-core-jakarta/2.2.19/swagger-core-jakarta-2.2.19.jar:/home/araju/.m2/repository/org/apache/commons/commons-lang3/3.14.0/commons-lang3-3.14.0.jar:/home/araju/.m2/repository/io/swagger/core/v3/swagger-annotations-jakarta/2.2.19/swagger-annotations-jakarta-2.2.19.jar:/home/araju/.m2/repository/io/swagger/core/v3/swagger-models-jakarta/2.2.19/swagger-models-jakarta-2.2.19.jar:/home/araju/.m2/repository/com/fasterxml/jackson/dataformat/jackson-dataformat-yaml/2.16.1/jackson-dataformat-yaml-2.16.1.jar:/home/araju/.m2/repository/org/webjars/swagger-ui/5.10.3/swagger-ui-5.10.3.jar:/home/araju/.m2/repository/org/springframework/security/spring-security-test/6.3.0-M1/spring-security-test-6.3.0-M1.jar:/home/araju/.m2/repository/org/springframework/security/spring-security-core/6.3.0-M1/spring-security-core-6.3.0-M1.jar:/home/araju/.m2/repository/org/springframework/security/spring-security-crypto/6.3.0-M1/spring-security-crypto-6.3.0-M1.jar:/home/araju/.m2/repository/org/springframework/spring-core/6.1.3/spring-core-6.1.3.jar:/home/araju/.m2/repository/org/springframework/spring-jcl/6.1.3/spring-jcl-6.1.3.jar:/home/araju/.m2/repository/org/springframework/spring-test/6.1.3/spring-test-6.1.3.jar:/home/araju/.m2/repository/org/springframework/boot/spring-boot-starter-test/3.3.0-SNAPSHOT/spring-boot-starter-test-3.3.0-SNAPSHOT.jar:/home/araju/.m2/repository/org/springframework/boot/spring-boot-test/3.3.0-SNAPSHOT/spring-boot-test-3.3.0-SNAPSHOT.jar:/home/araju/.m2/repository/org/springframework/boot/spring-boot-test-autoconfigure/3.3.0-SNAPSHOT/spring-boot-test-autoconfigure-3.3.0-SNAPSHOT.jar:/home/araju/.m2/repository/com/jayway/jsonpath/json-path/2.9.0/json-path-2.9.0.jar:/home/araju/.m2/repository/jakarta/xml/bind/jakarta.xml.bind-api/4.0.1/jakarta.xml.bind-api-4.0.1.jar:/home/araju/.m2/repository/jakarta/activation/jakarta.activation-api/2.1.2/jakarta.activation-api-2.1.2.jar:/home/araju/.m2/repository/net/minidev/json-smart/2.5.0/json-smart-2.5.0.jar:/home/araju/.m2/repository/net/minidev/accessors-smart/2.5.0/accessors-smart-2.5.0.jar:/home/araju/.m2/repository/org/ow2/asm/asm/9.3/asm-9.3.jar:/home/araju/.m2/repository/org/assertj/assertj-core/3.25.1/assertj-core-3.25.1.jar:/home/araju/.m2/repository/org/awaitility/awaitility/4.2.0/awaitility-4.2.0.jar:/home/araju/.m2/repository/org/hamcrest/hamcrest/2.2/hamcrest-2.2.jar:/home/araju/.m2/repository/org/junit/jupiter/junit-jupiter/5.10.1/junit-jupiter-5.10.1.jar:/home/araju/.m2/repository/org/junit/jupiter/junit-jupiter-api/5.10.1/junit-jupiter-api-5.10.1.jar:/home/araju/.m2/repository/org/opentest4j/opentest4j/1.3.0/opentest4j-1.3.0.jar:/home/araju/.m2/repository/org/junit/platform/junit-platform-commons/1.10.1/junit-platform-commons-1.10.1.jar:/home/araju/.m2/repository/org/apiguardian/apiguardian-api/1.1.2/apiguardian-api-1.1.2.jar:/home/araju/.m2/repository/org/junit/jupiter/junit-jupiter-params/5.10.1/junit-jupiter-params-5.10.1.jar:/home/araju/.m2/repository/org/junit/jupiter/junit-jupiter-engine/5.10.1/junit-jupiter-engine-5.10.1.jar:/home/araju/.m2/repository/org/junit/platform/junit-platform-engine/1.10.1/junit-platform-engine-1.10.1.jar:/home/araju/.m2/repository/org/mockito/mockito-core/5.9.0/mockito-core-5.9.0.jar:/home/araju/.m2/repository/net/bytebuddy/byte-buddy-agent/1.14.11/byte-buddy-agent-1.14.11.jar:/home/araju/.m2/repository/org/objenesis/objenesis/3.3/objenesis-3.3.jar:/home/araju/.m2/repository/org/mockito/mockito-junit-jupiter/5.9.0/mockito-junit-jupiter-5.9.0.jar:/home/araju/.m2/repository/org/skyscreamer/jsonassert/1.5.1/jsonassert-1.5.1.jar:/home/araju/.m2/repository/com/vaadin/external/google/android-json/0.0.20131108.vaadin1/android-json-0.0.20131108.vaadin1.jar:/home/araju/.m2/repository/org/xmlunit/xmlunit-core/2.9.1/xmlunit-core-2.9.1.jar:"/>
    <property name="java.vm.vendor" value="Private Build"/>
    <property name="sun.arch.data.model" value="64"/>
    <property name="java.vendor.url" value="Unknown"/>
    <property name="user.timezone" value="America/Sao_Paulo"/>
    <property name="org.jboss.logging.provider" value="slf4j"/>
    <property name="os.name" value="Linux"/>
    <property name="java.vm.specification.version" value="17"/>
    <property name="sun.java.launcher" value="SUN_STANDARD"/>
    <property name="user.country" value="BR"/>
    <property name="sun.boot.library.path" value="/usr/lib/jvm/java-17-openjdk-amd64/lib"/>
    <property name="sun.java.command" value="/home/araju/Área de Trabalho/Projetos/Alura/SpringBoot_API/target/surefire/surefirebooter-20240209171510443_3.jar /home/araju/Área de Trabalho/Projetos/Alura/SpringBoot_API/target/surefire 2024-02-09T17-15-08_104-jvmRun1 surefire-20240209171510443_1tmp surefire_0-20240209171510443_2tmp"/>
    <property name="jdk.debug" value="release"/>
    <property name="surefire.test.class.path" value="/home/araju/Área de Trabalho/Projetos/Alura/SpringBoot_API/target/test-classes:/home/araju/Área de Trabalho/Projetos/Alura/SpringBoot_API/target/classes:/home/araju/.m2/repository/org/springframework/boot/spring-boot-starter-web/3.3.0-SNAPSHOT/spring-boot-starter-web-3.3.0-SNAPSHOT.jar:/home/araju/.m2/repository/org/springframework/boot/spring-boot-starter/3.3.0-SNAPSHOT/spring-boot-starter-3.3.0-SNAPSHOT.jar:/home/araju/.m2/repository/org/springframework/boot/spring-boot-starter-logging/3.3.0-SNAPSHOT/spring-boot-starter-logging-3.3.0-SNAPSHOT.jar:/home/araju/.m2/repository/ch/qos/logback/logback-classic/1.4.14/logback-classic-1.4.14.jar:/home/araju/.m2/repository/ch/qos/logback/logback-core/1.4.14/logback-core-1.4.14.jar:/home/araju/.m2/repository/org/apache/logging/log4j/log4j-to-slf4j/2.22.1/log4j-to-slf4j-2.22.1.jar:/home/araju/.m2/repository/org/apache/logging/log4j/log4j-api/2.22.1/log4j-api-2.22.1.jar:/home/araju/.m2/repository/org/slf4j/jul-to-slf4j/2.0.11/jul-to-slf4j-2.0.11.jar:/home/araju/.m2/repository/jakarta/annotation/jakarta.annotation-api/2.1.1/jakarta.annotation-api-2.1.1.jar:/home/araju/.m2/repository/org/yaml/snakeyaml/2.2/snakeyaml-2.2.jar:/home/araju/.m2/repository/org/springframework/boot/spring-boot-starter-json/3.3.0-SNAPSHOT/spring-boot-starter-json-3.3.0-SNAPSHOT.jar:/home/araju/.m2/repository/com/fasterxml/jackson/datatype/jackson-datatype-jdk8/2.16.1/jackson-datatype-jdk8-2.16.1.jar:/home/araju/.m2/repository/com/fasterxml/jackson/datatype/jackson-datatype-jsr310/2.16.1/jackson-datatype-jsr310-2.16.1.jar:/home/araju/.m2/repository/com/fasterxml/jackson/module/jackson-module-parameter-names/2.16.1/jackson-module-parameter-names-2.16.1.jar:/home/araju/.m2/repository/org/springframework/boot/spring-boot-starter-tomcat/3.3.0-SNAPSHOT/spring-boot-starter-tomcat-3.3.0-SNAPSHOT.jar:/home/araju/.m2/repository/org/apache/tomcat/embed/tomcat-embed-core/10.1.18/tomcat-embed-core-10.1.18.jar:/home/araju/.m2/repository/org/apache/tomcat/embed/tomcat-embed-websocket/10.1.18/tomcat-embed-websocket-10.1.18.jar:/home/araju/.m2/repository/org/springframework/spring-web/6.1.3/spring-web-6.1.3.jar:/home/araju/.m2/repository/org/springframework/spring-beans/6.1.3/spring-beans-6.1.3.jar:/home/araju/.m2/repository/io/micrometer/micrometer-observation/1.12.2/micrometer-observation-1.12.2.jar:/home/araju/.m2/repository/io/micrometer/micrometer-commons/1.12.2/micrometer-commons-1.12.2.jar:/home/araju/.m2/repository/org/springframework/spring-webmvc/6.1.3/spring-webmvc-6.1.3.jar:/home/araju/.m2/repository/org/springframework/spring-context/6.1.3/spring-context-6.1.3.jar:/home/araju/.m2/repository/org/springframework/spring-expression/6.1.3/spring-expression-6.1.3.jar:/home/araju/.m2/repository/org/springframework/boot/spring-boot-devtools/3.3.0-SNAPSHOT/spring-boot-devtools-3.3.0-SNAPSHOT.jar:/home/araju/.m2/repository/org/springframework/boot/spring-boot/3.3.0-SNAPSHOT/spring-boot-3.3.0-SNAPSHOT.jar:/home/araju/.m2/repository/org/springframework/boot/spring-boot-autoconfigure/3.3.0-SNAPSHOT/spring-boot-autoconfigure-3.3.0-SNAPSHOT.jar:/home/araju/.m2/repository/org/projectlombok/lombok/1.18.30/lombok-1.18.30.jar:/home/araju/.m2/repository/org/springframework/boot/spring-boot-starter-data-jpa/3.3.0-SNAPSHOT/spring-boot-starter-data-jpa-3.3.0-SNAPSHOT.jar:/home/araju/.m2/repository/org/springframework/boot/spring-boot-starter-aop/3.3.0-SNAPSHOT/spring-boot-starter-aop-3.3.0-SNAPSHOT.jar:/home/araju/.m2/repository/org/aspectj/aspectjweaver/1.9.21/aspectjweaver-1.9.21.jar:/home/araju/.m2/repository/org/springframework/boot/spring-boot-starter-jdbc/3.3.0-SNAPSHOT/spring-boot-starter-jdbc-3.3.0-SNAPSHOT.jar:/home/araju/.m2/repository/com/zaxxer/HikariCP/5.1.0/HikariCP-5.1.0.jar:/home/araju/.m2/repository/org/springframework/spring-jdbc/6.1.3/spring-jdbc-6.1.3.jar:/home/araju/.m2/repository/org/hibernate/orm/hibernate-core/6.4.1.Final/hibernate-core-6.4.1.Final.jar:/home/araju/.m2/repository/jakarta/persistence/jakarta.persistence-api/3.1.0/jakarta.persistence-api-3.1.0.jar:/home/araju/.m2/repository/jakarta/transaction/jakarta.transaction-api/2.0.1/jakarta.transaction-api-2.0.1.jar:/home/araju/.m2/repository/org/jboss/logging/jboss-logging/3.5.3.Final/jboss-logging-3.5.3.Final.jar:/home/araju/.m2/repository/org/hibernate/common/hibernate-commons-annotations/6.0.6.Final/hibernate-commons-annotations-6.0.6.Final.jar:/home/araju/.m2/repository/io/smallrye/jandex/3.1.2/jandex-3.1.2.jar:/home/araju/.m2/repository/com/fasterxml/classmate/1.7.0/classmate-1.7.0.jar:/home/araju/.m2/repository/net/bytebuddy/byte-buddy/1.14.11/byte-buddy-1.14.11.jar:/home/araju/.m2/repository/org/glassfish/jaxb/jaxb-runtime/4.0.4/jaxb-runtime-4.0.4.jar:/home/araju/.m2/repository/org/glassfish/jaxb/jaxb-core/4.0.4/jaxb-core-4.0.4.jar:/home/araju/.m2/repository/org/eclipse/angus/angus-activation/2.0.1/angus-activation-2.0.1.jar:/home/araju/.m2/repository/org/glassfish/jaxb/txw2/4.0.4/txw2-4.0.4.jar:/home/araju/.m2/repository/com/sun/istack/istack-commons-runtime/4.1.2/istack-commons-runtime-4.1.2.jar:/home/araju/.m2/repository/jakarta/inject/jakarta.inject-api/2.0.1/jakarta.inject-api-2.0.1.jar:/home/araju/.m2/repository/org/antlr/antlr4-runtime/4.13.0/antlr4-runtime-4.13.0.jar:/home/araju/.m2/repository/org/springframework/data/spring-data-jpa/3.2.2/spring-data-jpa-3.2.2.jar:/home/araju/.m2/repository/org/springframework/data/spring-data-commons/3.2.2/spring-data-commons-3.2.2.jar:/home/araju/.m2/repository/org/springframework/spring-orm/6.1.3/spring-orm-6.1.3.jar:/home/araju/.m2/repository/org/springframework/spring-tx/6.1.3/spring-tx-6.1.3.jar:/home/araju/.m2/repository/org/slf4j/slf4j-api/2.0.11/slf4j-api-2.0.11.jar:/home/araju/.m2/repository/org/springframework/spring-aspects/6.1.3/spring-aspects-6.1.3.jar:/home/araju/.m2/repository/org/springframework/boot/spring-boot-starter-validation/3.3.0-SNAPSHOT/spring-boot-starter-validation-3.3.0-SNAPSHOT.jar:/home/araju/.m2/repository/org/apache/tomcat/embed/tomcat-embed-el/10.1.18/tomcat-embed-el-10.1.18.jar:/home/araju/.m2/repository/org/hibernate/validator/hibernate-validator/8.0.1.Final/hibernate-validator-8.0.1.Final.jar:/home/araju/.m2/repository/jakarta/validation/jakarta.validation-api/3.0.2/jakarta.validation-api-3.0.2.jar:/home/araju/.m2/repository/org/flywaydb/flyway-core/9.22.3/flyway-core-9.22.3.jar:/home/araju/.m2/repository/com/fasterxml/jackson/dataformat/jackson-dataformat-toml/2.16.1/jackson-dataformat-toml-2.16.1.jar:/home/araju/.m2/repository/com/fasterxml/jackson/core/jackson-core/2.16.1/jackson-core-2.16.1.jar:/home/araju/.m2/repository/com/google/code/gson/gson/2.10.1/gson-2.10.1.jar:/home/araju/.m2/repository/org/flywaydb/flyway-mysql/9.22.3/flyway-mysql-9.22.3.jar:/home/araju/.m2/repository/com/mysql/mysql-connector-j/8.3.0/mysql-connector-j-8.3.0.jar:/home/araju/.m2/repository/org/springframework/boot/spring-boot-starter-security/3.3.0-SNAPSHOT/spring-boot-starter-security-3.3.0-SNAPSHOT.jar:/home/araju/.m2/repository/org/springframework/spring-aop/6.1.3/spring-aop-6.1.3.jar:/home/araju/.m2/repository/org/springframework/security/spring-security-config/6.3.0-M1/spring-security-config-6.3.0-M1.jar:/home/araju/.m2/repository/org/springframework/security/spring-security-web/6.3.0-M1/spring-security-web-6.3.0-M1.jar:/home/araju/.m2/repository/com/auth0/java-jwt/4.2.1/java-jwt-4.2.1.jar:/home/araju/.m2/repository/com/fasterxml/jackson/core/jackson-databind/2.16.1/jackson-databind-2.16.1.jar:/home/araju/.m2/repository/com/fasterxml/jackson/core/jackson-annotations/2.16.1/jackson-annotations-2.16.1.jar:/home/araju/.m2/repository/org/springdoc/springdoc-openapi-starter-webmvc-ui/2.3.0/springdoc-openapi-starter-webmvc-ui-2.3.0.jar:/home/araju/.m2/repository/org/springdoc/springdoc-openapi-starter-webmvc-api/2.3.0/springdoc-openapi-starter-webmvc-api-2.3.0.jar:/home/araju/.m2/repository/org/springdoc/springdoc-openapi-starter-common/2.3.0/springdoc-openapi-starter-common-2.3.0.jar:/home/araju/.m2/repository/io/swagger/core/v3/swagger-core-jakarta/2.2.19/swagger-core-jakarta-2.2.19.jar:/home/araju/.m2/repository/org/apache/commons/commons-lang3/3.14.0/commons-lang3-3.14.0.jar:/home/araju/.m2/repository/io/swagger/core/v3/swagger-annotations-jakarta/2.2.19/swagger-annotations-jakarta-2.2.19.jar:/home/araju/.m2/repository/io/swagger/core/v3/swagger-models-jakarta/2.2.19/swagger-models-jakarta-2.2.19.jar:/home/araju/.m2/repository/com/fasterxml/jackson/dataformat/jackson-dataformat-yaml/2.16.1/jackson-dataformat-yaml-2.16.1.jar:/home/araju/.m2/repository/org/webjars/swagger-ui/5.10.3/swagger-ui-5.10.3.jar:/home/araju/.m2/repository/org/springframework/security/spring-security-test/6.3.0-M1/spring-security-test-6.3.0-M1.jar:/home/araju/.m2/repository/org/springframework/security/spring-security-core/6.3.0-M1/spring-security-core-6.3.0-M1.jar:/home/araju/.m2/repository/org/springframework/security/spring-security-crypto/6.3.0-M1/spring-security-crypto-6.3.0-M1.jar:/home/araju/.m2/repository/org/springframework/spring-core/6.1.3/spring-core-6.1.3.jar:/home/araju/.m2/repository/org/springframework/spring-jcl/6.1.3/spring-jcl-6.1.3.jar:/home/araju/.m2/repository/org/springframework/spring-test/6.1.3/spring-test-6.1.3.jar:/home/araju/.m2/repository/org/springframework/boot/spring-boot-starter-test/3.3.0-SNAPSHOT/spring-boot-starter-test-3.3.0-SNAPSHOT.jar:/home/araju/.m2/repository/org/springframework/boot/spring-boot-test/3.3.0-SNAPSHOT/spring-boot-test-3.3.0-SNAPSHOT.jar:/home/araju/.m2/repository/org/springframework/boot/spring-boot-test-autoconfigure/3.3.0-SNAPSHOT/spring-boot-test-autoconfigure-3.3.0-SNAPSHOT.jar:/home/araju/.m2/repository/com/jayway/jsonpath/json-path/2.9.0/json-path-2.9.0.jar:/home/araju/.m2/repository/jakarta/xml/bind/jakarta.xml.bind-api/4.0.1/jakarta.xml.bind-api-4.0.1.jar:/home/araju/.m2/repository/jakarta/activation/jakarta.activation-api/2.1.2/jakarta.activation-api-2.1.2.jar:/home/araju/.m2/repository/net/minidev/json-smart/2.5.0/json-smart-2.5.0.jar:/home/araju/.m2/repository/net/minidev/accessors-smart/2.5.0/accessors-smart-2.5.0.jar:/home/araju/.m2/repository/org/ow2/asm/asm/9.3/asm-9.3.jar:/home/araju/.m2/repository/org/assertj/assertj-core/3.25.1/assertj-core-3.25.1.jar:/home/araju/.m2/repository/org/awaitility/awaitility/4.2.0/awaitility-4.2.0.jar:/home/araju/.m2/repository/org/hamcrest/hamcrest/2.2/hamcrest-2.2.jar:/home/araju/.m2/repository/org/junit/jupiter/junit-jupiter/5.10.1/junit-jupiter-5.10.1.jar:/home/araju/.m2/repository/org/junit/jupiter/junit-jupiter-api/5.10.1/junit-jupiter-api-5.10.1.jar:/home/araju/.m2/repository/org/opentest4j/opentest4j/1.3.0/opentest4j-1.3.0.jar:/home/araju/.m2/repository/org/junit/platform/junit-platform-commons/1.10.1/junit-platform-commons-1.10.1.jar:/home/araju/.m2/repository/org/apiguardian/apiguardian-api/1.1.2/apiguardian-api-1.1.2.jar:/home/araju/.m2/repository/org/junit/jupiter/junit-jupiter-params/5.10.1/junit-jupiter-params-5.10.1.jar:/home/araju/.m2/repository/org/junit/jupiter/junit-jupiter-engine/5.10.1/junit-jupiter-engine-5.10.1.jar:/home/araju/.m2/repository/org/junit/platform/junit-platform-engine/1.10.1/junit-platform-engine-1.10.1.jar:/home/araju/.m2/repository/org/mockito/mockito-core/5.9.0/mockito-core-5.9.0.jar:/home/araju/.m2/repository/net/bytebuddy/byte-buddy-agent/1.14.11/byte-buddy-agent-1.14.11.jar:/home/araju/.m2/repository/org/objenesis/objenesis/3.3/objenesis-3.3.jar:/home/araju/.m2/repository/org/mockito/mockito-junit-jupiter/5.9.0/mockito-junit-jupiter-5.9.0.jar:/home/araju/.m2/repository/org/skyscreamer/jsonassert/1.5.1/jsonassert-1.5.1.jar:/home/araju/.m2/repository/com/vaadin/external/google/android-json/0.0.20131108.vaadin1/android-json-0.0.20131108.vaadin1.jar:/home/araju/.m2/repository/org/xmlunit/xmlunit-core/2.9.1/xmlunit-core-2.9.1.jar:"/>
    <property name="sun.cpu.endian" value="little"/>
    <property name="user.home" value="/home/araju"/>
    <property name="user.language" value="pt"/>
    <property name="java.specification.vendor" value="Oracle Corporation"/>
    <property name="java.version.date" value="2023-10-17"/>
    <property name="java.home" value="/usr/lib/jvm/java-17-openjdk-amd64"/>
    <property name="file.separator" value="/"/>
    <property name="basedir" value="/home/araju/Área de Trabalho/Projetos/Alura/SpringBoot_API"/>
    <property name="java.vm.compressedOopsMode" value="32-bit"/>
    <property name="line.separator" value="&#10;"/>
    <property name="java.specification.name" value="Java Platform API Specification"/>
    <property name="java.vm.specification.vendor" value="Oracle Corporation"/>
    <property name="FILE_LOG_CHARSET" value="UTF-8"/>
    <property name="java.awt.headless" value="true"/>
    <property name="surefire.real.class.path" value="/home/araju/Área de Trabalho/Projetos/Alura/SpringBoot_API/target/surefire/surefirebooter-20240209171510443_3.jar"/>
    <property name="sun.management.compiler" value="HotSpot 64-Bit Tiered Compilers"/>
    <property name="java.runtime.version" value="17.0.9+9-Ubuntu-122.04"/>
    <property name="user.name" value="araju"/>
    <property name="path.separator" value=":"/>
    <property name="os.version" value="6.5.0-17-generic"/>
    <property name="java.runtime.name" value="OpenJDK Runtime Environment"/>
    <property name="file.encoding" value="UTF-8"/>
    <property name="java.vm.name" value="OpenJDK 64-Bit Server VM"/>
    <property name="localRepository" value="/home/araju/.m2/repository"/>
    <property name="java.vendor.url.bug" value="Unknown"/>
    <property name="java.io.tmpdir" value="/tmp"/>
    <property name="com.zaxxer.hikari.pool_number" value="3"/>
    <property name="java.version" value="17.0.9"/>
    <property name="user.dir" value="/home/araju/Área de Trabalho/Projetos/Alura/SpringBoot_API"/>
    <property name="os.arch" value="amd64"/>
    <property name="java.vm.specification.name" value="Java Virtual Machine Specification"/>
    <property name="PID" value="208418"/>
    <property name="CONSOLE_LOG_CHARSET" value="UTF-8"/>
    <property name="native.encoding" value="UTF-8"/>
    <property name="java.library.path" value="/usr/java/packages/lib:/usr/lib/x86_64-linux-gnu/jni:/lib/x86_64-linux-gnu:/usr/lib/x86_64-linux-gnu:/usr/lib/jni:/lib:/usr/lib"/>
    <property name="java.vm.info" value="mixed mode, sharing"/>
    <property name="java.vendor" value="Private Build"/>
    <property name="java.vm.version" value="17.0.9+9-Ubuntu-122.04"/>
    <property name="sun.io.unicode.encoding" value="UnicodeLittle"/>
    <property name="java.class.version" value="61.0"/>
  </properties>
  <testcase name="escolherMedicoAleatorioLivreNaDataCenario1" classname="med.voll.api.domain.medico.MedicoRepositoryTest" time="3.099">
    <system-out><![CDATA[2024-02-09T17:15:23.269-03:00  INFO 208418 --- [           main] t.c.s.AnnotationConfigContextLoaderUtils : Could not detect default configuration classes for test class [med.voll.api.domain.medico.MedicoRepositoryTest]: MedicoRepositoryTest does not declare any static, non-private, non-final, nested classes annotated with @Configuration.
2024-02-09T17:15:23.289-03:00  INFO 208418 --- [           main] .b.t.c.SpringBootTestContextBootstrapper : Found @SpringBootConfiguration med.voll.api.ApiApplication for test class med.voll.api.domain.medico.MedicoRepositoryTest
2024-02-09T17:15:23.294-03:00  INFO 208418 --- [           main] o.s.b.d.r.RestartApplicationListener     : Restart disabled due to context in which it is running

  .   ____          _            __ _ _
 /\\ / ___'_ __ _ _(_)_ __  __ _ \ \ \ \
( ( )\___ | '_ | '_| | '_ \/ _` | \ \ \ \
 \\/  ___)| |_)| | | | | || (_| |  ) ) ) )
  '  |____| .__|_| |_|_| |_\__, | / / / /
 =========|_|==============|___/=/_/_/_/
 :: Spring Boot ::       (v3.3.0-SNAPSHOT)

2024-02-09T17:15:23.331-03:00  INFO 208418 --- [           main] m.v.a.d.medico.MedicoRepositoryTest      : Starting MedicoRepositoryTest using Java 17.0.9 with PID 208418 (started by araju in /home/araju/Área de Trabalho/Projetos/Alura/SpringBoot_API)
2024-02-09T17:15:23.332-03:00  INFO 208418 --- [           main] m.v.a.d.medico.MedicoRepositoryTest      : The following 1 profile is active: "test"
2024-02-09T17:15:23.440-03:00  INFO 208418 --- [           main] .s.d.r.c.RepositoryConfigurationDelegate : Bootstrapping Spring Data JPA repositories in DEFAULT mode.
2024-02-09T17:15:23.450-03:00  INFO 208418 --- [           main] .s.d.r.c.RepositoryConfigurationDelegate : Finished Spring Data repository scanning in 9 ms. Found 4 JPA repository interfaces.
2024-02-09T17:15:23.506-03:00  INFO 208418 --- [           main] com.zaxxer.hikari.HikariDataSource       : HikariPool-3 - Starting...
2024-02-09T17:15:23.768-03:00  INFO 208418 --- [           main] com.zaxxer.hikari.pool.HikariPool        : HikariPool-3 - Added connection com.mysql.cj.jdbc.ConnectionImpl@46f31564
2024-02-09T17:15:23.768-03:00  INFO 208418 --- [           main] com.zaxxer.hikari.HikariDataSource       : HikariPool-3 - Start completed.
2024-02-09T17:15:23.777-03:00  INFO 208418 --- [           main] org.flywaydb.core.FlywayExecutor         : Database: jdbc:mysql://localhost/vollmed_api_test (MySQL 8.0)
2024-02-09T17:15:24.237-03:00  INFO 208418 --- [           main] o.f.core.internal.command.DbValidate     : Successfully validated 8 migrations (execution time 00:00.452s)
2024-02-09T17:15:24.254-03:00  INFO 208418 --- [           main] o.f.core.internal.command.DbMigrate      : Current version of schema `vollmed_api_test`: 8
2024-02-09T17:15:24.255-03:00  INFO 208418 --- [           main] o.f.core.internal.command.DbMigrate      : Schema `vollmed_api_test` is up to date. No migration necessary.
2024-02-09T17:15:24.268-03:00  INFO 208418 --- [           main] o.hibernate.jpa.internal.util.LogHelper  : HHH000204: Processing PersistenceUnitInfo [name: default]
2024-02-09T17:15:24.270-03:00  INFO 208418 --- [           main] o.h.c.internal.RegionFactoryInitiator    : HHH000026: Second-level cache disabled
2024-02-09T17:15:24.272-03:00  INFO 208418 --- [           main] o.s.o.j.p.SpringPersistenceUnitInfo      : No LoadTimeWeaver setup: ignoring JPA class transformer
2024-02-09T17:15:24.343-03:00  INFO 208418 --- [           main] o.h.e.t.j.p.i.JtaPlatformInitiator       : HHH000489: No JTA platform available (set 'hibernate.transaction.jta.platform' to enable JTA platform integration)
2024-02-09T17:15:24.343-03:00  INFO 208418 --- [           main] j.LocalContainerEntityManagerFactoryBean : Initialized JPA EntityManagerFactory for persistence unit 'default'
2024-02-09T17:15:24.457-03:00  INFO 208418 --- [           main] m.v.a.d.medico.MedicoRepositoryTest      : Started MedicoRepositoryTest in 1.163 seconds (process running for 13.919)
Hibernate: 
    insert 
    into
        medicos
        (ativo, crm, email, bairro, cep, cidade, complemento, logradouro, numero, uf, especialidade, nome, telefone) 
    values
        (?, ?, ?, ?, ?, ?, ?, ?, ?, ?, ?, ?, ?)
Hibernate: 
    insert 
    into
        pacientes
        (ativo, cpf, email, bairro, cep, cidade, complemento, logradouro, numero, uf, nome, telefone) 
    values
        (?, ?, ?, ?, ?, ?, ?, ?, ?, ?, ?, ?)
Hibernate: 
    insert 
    into
        consultas
        (data, medico_id, motivo_cancelamento, paciente_id) 
    values
        (?, ?, ?, ?)
Hibernate: 
    select
        m1_0.id,
        m1_0.ativo,
        m1_0.crm,
        m1_0.email,
        m1_0.bairro,
        m1_0.cep,
        m1_0.cidade,
        m1_0.complemento,
        m1_0.logradouro,
        m1_0.numero,
        m1_0.uf,
        m1_0.especialidade,
        m1_0.nome,
        m1_0.telefone 
    from
        medicos m1_0 
    where
        m1_0.ativo=1 
        and m1_0.especialidade=? 
        and m1_0.id not in (select
            c1_0.medico_id 
        from
            consultas c1_0 
        where
            c1_0.data=? 
            and c1_0.motivo_cancelamento is null) 
    order by
        rand() 
    limit
        1
]]></system-out>
  </testcase>
  <testcase name="escolherMedicoAleatorioLivreNaDataCenario2" classname="med.voll.api.domain.medico.MedicoRepositoryTest" time="0.582">
    <system-out><![CDATA[Hibernate: 
    insert 
    into
        medicos
        (ativo, crm, email, bairro, cep, cidade, complemento, logradouro, numero, uf, especialidade, nome, telefone) 
    values
        (?, ?, ?, ?, ?, ?, ?, ?, ?, ?, ?, ?, ?)
Hibernate: 
    select
        m1_0.id,
        m1_0.ativo,
        m1_0.crm,
        m1_0.email,
        m1_0.bairro,
        m1_0.cep,
        m1_0.cidade,
        m1_0.complemento,
        m1_0.logradouro,
        m1_0.numero,
        m1_0.uf,
        m1_0.especialidade,
        m1_0.nome,
        m1_0.telefone 
    from
        medicos m1_0 
    where
        m1_0.ativo=1 
        and m1_0.especialidade=? 
        and m1_0.id not in (select
            c1_0.medico_id 
        from
            consultas c1_0 
        where
            c1_0.data=? 
            and c1_0.motivo_cancelamento is null) 
    order by
        rand() 
    limit
        1
]]></system-out>
  </testcase>
</testsuite>